2025-01-29 09:16:33 INFO  LoggingFilter:35 - *****InValid Login Test Case Started *****
2025-01-29 09:16:36 INFO  LoggingFilter:21 - *****Valid Login Test Case Started *****
2025-01-29 09:16:36 INFO  LoggingFilter:30 - *****Valid Login Test Case Finished *****
2025-01-29 09:16:36 INFO  LoggingFilter:34 - *****InValid Registration Test Case Started *****
2025-01-29 09:16:37 INFO  LoggingFilter:44 - *****InValid Registration Test Case Finished *****
2025-01-29 09:16:37 INFO  LoggingFilter:16 - *****Valid Registration Test Case Started *****
2025-01-29 09:16:37 INFO  LoggingFilter:29 - *****Valid Registration Test Case Finished *****
2025-01-29 09:16:37 INFO  LoggingFilter:17 - *****getSingleUser TestCase Started *****
2025-01-29 09:16:37 INFO  LoggingFilter:25 - *****getSingleUser TestCase Finished *****
2025-01-29 09:16:37 INFO  LoggingFilter:30 - *****updateSingleUser TestCase Started *****
2025-01-29 09:16:38 INFO  LoggingFilter:41 - *****updateSingleUser TestCase Finished *****
2025-01-29 09:17:52 INFO  LoggingFilter:35 - *****InValid Login Test Case Started *****
2025-01-29 09:17:55 INFO  LoggingFilter:21 - *****Valid Login Test Case Started *****
2025-01-29 09:17:55 INFO  LoggingFilter:30 - *****Valid Login Test Case Finished *****
2025-01-29 09:17:55 INFO  LoggingFilter:34 - *****InValid Registration Test Case Started *****
2025-01-29 09:17:56 INFO  LoggingFilter:44 - *****InValid Registration Test Case Finished *****
2025-01-29 09:17:56 INFO  LoggingFilter:16 - *****Valid Registration Test Case Started *****
2025-01-29 09:17:56 INFO  LoggingFilter:29 - *****Valid Registration Test Case Finished *****
2025-01-29 09:17:56 INFO  LoggingFilter:17 - *****getSingleUser TestCase Started *****
2025-01-29 09:17:56 INFO  LoggingFilter:25 - *****getSingleUser TestCase Finished *****
2025-01-29 09:17:56 INFO  LoggingFilter:30 - *****updateSingleUser TestCase Started *****
2025-01-29 09:17:57 INFO  LoggingFilter:41 - *****updateSingleUser TestCase Finished *****
